<?xml version="1.0" encoding="UTF-8"?>
<!-- Generated by org.testng.reporters.JUnitReportReporter -->
<testsuite hostname="Duaa" failures="0" tests="3" name="HomePage.HomePageTestCases" time="0.115" errors="0" timestamp="2024-06-22T19:48:30 EET" skipped="0">
  <testcase classname="HomePage.HomePageTestCases" name="CheckTheContactNumber" time="0.044"/>
  <system-out/>
  <testcase classname="HomePage.HomePageTestCases" name="CheckTheCurrenyIsCorrect" time="0.035"/>
  <system-out/>
  <testcase classname="HomePage.HomePageTestCases" name="CheckTheDefualtLanguageIsCorect" time="0.036"/>
  <system-out/>
</testsuite> <!-- HomePage.HomePageTestCases -->
