<?xml version="1.0" encoding="UTF-8"?>
<!-- Generated by org.testng.reporters.JUnitReportReporter -->
<testsuite hostname="Duaa" failures="0" tests="2" name="HotelSearchTest.BookingHotelTestCases" time="10.706" errors="0" timestamp="2024-07-20T22:37:01 EET" skipped="0">
  <testcase classname="HotelSearchTest.BookingHotelTestCases" name="RandomlySelectHotelandCity" time="0.613"/>
  <system-out/>
  <testcase classname="HotelSearchTest.BookingHotelTestCases" name="RandomVisitors" time="10.093"/>
  <system-out/>
</testsuite> <!-- HotelSearchTest.BookingHotelTestCases -->
